<?xml version="1.0" encoding="UTF-8"?>
<!-- Generated by org.testng.reporters.JUnitXMLReporter -->
<testsuite ignored="0" hostname="DESKTOP-NKQ2RHF" failures="0" tests="4" name="Surefire test" time="23.827" errors="0" timestamp="2024-05-27T11:57:48 IST">
  <testcase classname="NewTest" name="f" time="0.009"/>
  <testcase classname="Selenium.tests.SubmitOrderTest" name="SubmitOrderTest" time="3.584"/>
  <testcase classname="Selenium.tests.SubmitOrderTest" name="SubmitOrderTest" time="3.668"/>
  <testcase classname="Selenium.tests.SubmitOrderTest" name="OrderHistoryTest" time="1.192"/>
</testsuite> <!-- Surefire test -->
