<?xml version="1.0" encoding="UTF-8"?>
<!-- Generated by org.testng.reporters.JUnitXMLReporter -->
<testsuite ignored="0" hostname="DESKTOP-NKQ2RHF" failures="0" tests="3" name="Submit Order" time="21.235" errors="0" timestamp="2024-05-27T13:20:39 IST">
  <testcase classname="Selenium.tests.SubmitOrderTest" name="SubmitOrderTest" time="4.184"/>
  <testcase classname="Selenium.tests.SubmitOrderTest" name="SubmitOrderTest" time="3.954"/>
  <testcase classname="Selenium.tests.SubmitOrderTest" name="OrderHistoryTest" time="1.039"/>
</testsuite> <!-- Submit Order -->
