<?xml version="1.0" encoding="UTF-8"?>
<testng-results ignored="0" total="5" passed="5" failed="0" skipped="0">
  <reporter-output>
  </reporter-output>
  <suite started-at="2024-05-27T13:20:18 IST" name="Suite" finished-at="2024-05-27T13:20:39 IST" duration-ms="21235">
    <groups>
      <group name="ErrorHandling">
        <method signature="ErrorValidations.LoginEroorValidation()[pri:0, instance:Selenium.tests.ErrorValidations@f68f0dc]" name="LoginEroorValidation" class="Selenium.tests.ErrorValidations"/>
      </group> <!-- ErrorHandling -->
      <group name="purchaseOrder">
        <method signature="SubmitOrderTest.SubmitOrderTest(java.util.HashMap)[pri:0, instance:Selenium.tests.SubmitOrderTest@4c163e3]" name="SubmitOrderTest" class="Selenium.tests.SubmitOrderTest"/>
      </group> <!-- purchaseOrder -->
    </groups>
    <test started-at="2024-05-27T13:20:18 IST" name="Error Validation" finished-at="2024-05-27T13:20:31 IST" duration-ms="13066">
      <class name="Selenium.tests.ErrorValidations">
        <test-method is-config="true" signature="launchApplication()[pri:0, instance:Selenium.tests.ErrorValidations@f68f0dc]" started-at="2024-05-27T13:20:18 IST" name="launchApplication" finished-at="2024-05-27T13:20:23 IST" duration-ms="5216" status="PASS">
          <reporter-output>
          </reporter-output>
        </test-method> <!-- launchApplication -->
        <test-method signature="LoginEroorValidation()[pri:0, instance:Selenium.tests.ErrorValidations@f68f0dc]" started-at="2024-05-27T13:20:23 IST" name="LoginEroorValidation" finished-at="2024-05-27T13:20:24 IST" duration-ms="871" status="PASS">
          <reporter-output>
          </reporter-output>
        </test-method> <!-- LoginEroorValidation -->
        <test-method is-config="true" signature="tearDown()[pri:0, instance:Selenium.tests.ErrorValidations@f68f0dc]" started-at="2024-05-27T13:20:24 IST" name="tearDown" finished-at="2024-05-27T13:20:24 IST" duration-ms="127" status="PASS">
          <reporter-output>
          </reporter-output>
        </test-method> <!-- tearDown -->
        <test-method is-config="true" signature="launchApplication()[pri:0, instance:Selenium.tests.ErrorValidations@f68f0dc]" started-at="2024-05-27T13:20:24 IST" name="launchApplication" finished-at="2024-05-27T13:20:28 IST" duration-ms="3690" status="PASS">
          <reporter-output>
          </reporter-output>
        </test-method> <!-- launchApplication -->
        <test-method signature="productErrorValidation()[pri:0, instance:Selenium.tests.ErrorValidations@f68f0dc]" started-at="2024-05-27T13:20:28 IST" name="productErrorValidation" finished-at="2024-05-27T13:20:31 IST" duration-ms="2954" status="PASS">
          <reporter-output>
          </reporter-output>
        </test-method> <!-- productErrorValidation -->
        <test-method is-config="true" signature="tearDown()[pri:0, instance:Selenium.tests.ErrorValidations@f68f0dc]" started-at="2024-05-27T13:20:31 IST" name="tearDown" finished-at="2024-05-27T13:20:31 IST" duration-ms="110" status="PASS">
          <reporter-output>
          </reporter-output>
        </test-method> <!-- tearDown -->
      </class> <!-- Selenium.tests.ErrorValidations -->
    </test> <!-- Error Validation -->
    <test started-at="2024-05-27T13:20:18 IST" name="Submit Order" finished-at="2024-05-27T13:20:39 IST" duration-ms="21235">
      <class name="Selenium.tests.SubmitOrderTest">
        <test-method is-config="true" signature="launchApplication()[pri:0, instance:Selenium.tests.SubmitOrderTest@4c163e3]" started-at="2024-05-27T13:20:18 IST" name="launchApplication" finished-at="2024-05-27T13:20:23 IST" duration-ms="4814" status="PASS">
          <reporter-output>
          </reporter-output>
        </test-method> <!-- launchApplication -->
        <test-method signature="SubmitOrderTest(java.util.HashMap)[pri:0, instance:Selenium.tests.SubmitOrderTest@4c163e3]" started-at="2024-05-27T13:20:23 IST" name="SubmitOrderTest" data-provider="getData" finished-at="2024-05-27T13:20:27 IST" duration-ms="4184" status="PASS">
          <params>
            <param index="0">
              <value>
                <![CDATA[{password=SeleniumAutomation1, product=ZARA COAT 3, email=seleniumA@gmail.com}]]>
              </value>
            </param>
          </params>
          <reporter-output>
          </reporter-output>
        </test-method> <!-- SubmitOrderTest -->
        <test-method is-config="true" signature="tearDown()[pri:0, instance:Selenium.tests.SubmitOrderTest@4c163e3]" started-at="2024-05-27T13:20:27 IST" name="tearDown" finished-at="2024-05-27T13:20:28 IST" duration-ms="128" status="PASS">
          <reporter-output>
          </reporter-output>
        </test-method> <!-- tearDown -->
        <test-method is-config="true" signature="launchApplication()[pri:0, instance:Selenium.tests.SubmitOrderTest@4c163e3]" started-at="2024-05-27T13:20:28 IST" name="launchApplication" finished-at="2024-05-27T13:20:31 IST" duration-ms="3639" status="PASS">
          <reporter-output>
          </reporter-output>
        </test-method> <!-- launchApplication -->
        <test-method signature="SubmitOrderTest(java.util.HashMap)[pri:0, instance:Selenium.tests.SubmitOrderTest@4c163e3]" started-at="2024-05-27T13:20:31 IST" name="SubmitOrderTest" data-provider="getData" finished-at="2024-05-27T13:20:35 IST" duration-ms="3954" status="PASS">
          <params>
            <param index="0">
              <value>
                <![CDATA[{password=Selselsel1!, product=ADIDAS ORIGINAL, email=sellly@gmail.com}]]>
              </value>
            </param>
          </params>
          <reporter-output>
          </reporter-output>
        </test-method> <!-- SubmitOrderTest -->
        <test-method is-config="true" signature="tearDown()[pri:0, instance:Selenium.tests.SubmitOrderTest@4c163e3]" started-at="2024-05-27T13:20:35 IST" name="tearDown" finished-at="2024-05-27T13:20:35 IST" duration-ms="86" status="PASS">
          <reporter-output>
          </reporter-output>
        </test-method> <!-- tearDown -->
        <test-method is-config="true" signature="launchApplication()[pri:0, instance:Selenium.tests.SubmitOrderTest@4c163e3]" started-at="2024-05-27T13:20:35 IST" name="launchApplication" finished-at="2024-05-27T13:20:38 IST" duration-ms="2802" status="PASS">
          <reporter-output>
          </reporter-output>
        </test-method> <!-- launchApplication -->
        <test-method signature="OrderHistoryTest()[pri:0, instance:Selenium.tests.SubmitOrderTest@4c163e3]" started-at="2024-05-27T13:20:38 IST" name="OrderHistoryTest" finished-at="2024-05-27T13:20:39 IST" depends-on-methods="Selenium.tests.SubmitOrderTest.SubmitOrderTest" duration-ms="1039" status="PASS">
          <reporter-output>
          </reporter-output>
        </test-method> <!-- OrderHistoryTest -->
        <test-method is-config="true" signature="tearDown()[pri:0, instance:Selenium.tests.SubmitOrderTest@4c163e3]" started-at="2024-05-27T13:20:39 IST" name="tearDown" finished-at="2024-05-27T13:20:39 IST" duration-ms="76" status="PASS">
          <reporter-output>
          </reporter-output>
        </test-method> <!-- tearDown -->
      </class> <!-- Selenium.tests.SubmitOrderTest -->
    </test> <!-- Submit Order -->
  </suite> <!-- Suite -->
</testng-results>
